2022-04-21 04:10:36,823 - INFO: 游뚝游뚞游뚞游뚞游뚞游뚞游뚞游뚞游뚞游뚞

[('햦햫혪혝혧', 46), ('쒬햡혞향햦혝혧', 46), ('햦햫혪혝혧', 21), ('쒬햡혞향햦혝혧', 21)]

2022-04-21 04:10:36,823 - INFO: Boxes which will be taken out: [46, 21]
2022-04-21 04:10:36,823 - INFO: Adding box(46)
2022-04-21 04:10:36,823 - INFO: Amount boxes before in out_boxes: 0
2022-04-21 04:10:36,823 - INFO: Amount boxes before in programm: 0
2022-04-21 04:10:36,823 - INFO: Added box(46) to right, spent 1 energy. Total spent energy: 1
2022-04-21 04:10:36,823 - INFO: Amount added boxes: 1
2022-04-21 04:10:36,823 - INFO: Updated store line: [46]
2022-04-21 04:10:36,823 - INFO: Took out box(46), spent 1 energy. Total spent energy: 2
2022-04-21 04:10:36,823 - INFO: Boxes which will be taken out: [21]
2022-04-21 04:10:36,823 - INFO: Updated store line: []
2022-04-21 04:10:36,823 - INFO: Adding box(21)
2022-04-21 04:10:36,823 - INFO: Amount boxes before in out_boxes: 0
2022-04-21 04:10:36,823 - INFO: Amount boxes before in programm: 0
2022-04-21 04:10:36,823 - INFO: Added box(21) to right, spent 1 energy. Total spent energy: 3
2022-04-21 04:10:36,823 - INFO: Amount added boxes: 2
2022-04-21 04:10:36,823 - INFO: Updated store line: [21]
2022-04-21 04:10:36,823 - INFO: Took out box(21), spent 1 energy. Total spent energy: 4
2022-04-21 04:10:36,823 - INFO: Boxes which will be taken out: []
2022-04-21 04:10:36,823 - INFO: Updated store line: []
2022-04-21 04:10:36,823 - INFO: 游뚝游뚞游뚞游뚞游뚞游뚞游뚞游뚞游뚞游뚞

[('햦햫혪혝혧', 1), ('햦햫혪혝혧', 2), ('쒬햡혞향햦혝혧', 1), ('햦햫혪혝혧', 3), ('햦햫혪혝혧', 4), ('쒬햡혞향햦혝혧', 3)]

2022-04-21 04:10:36,823 - INFO: Boxes which will be taken out: [1, 3]
2022-04-21 04:10:36,823 - INFO: Adding box(1)
2022-04-21 04:10:36,823 - INFO: Amount boxes before in out_boxes: 0
2022-04-21 04:10:36,823 - INFO: Amount boxes before in programm: 0
2022-04-21 04:10:36,823 - INFO: Added box(1) to right, spent 1 energy. Total spent energy: 1
2022-04-21 04:10:36,823 - INFO: Amount added boxes: 1
2022-04-21 04:10:36,823 - INFO: Updated store line: [1]
2022-04-21 04:10:36,823 - INFO: Adding box(2)
2022-04-21 04:10:36,823 - INFO: Added box(2) to left, spent 1 energy. Total spent energy: 2
2022-04-21 04:10:36,823 - INFO: Amount added boxes: 2
2022-04-21 04:10:36,824 - INFO: Updated store line: [2, 1]
2022-04-21 04:10:36,824 - INFO: Took out box(1), spent 1 energy. Total spent energy: 3
2022-04-21 04:10:36,824 - INFO: Boxes which will be taken out: [3]
2022-04-21 04:10:36,824 - INFO: Updated store line: [2]
2022-04-21 04:10:36,824 - INFO: Adding box(3)
2022-04-21 04:10:36,824 - INFO: Amount boxes before in out_boxes: 0
2022-04-21 04:10:36,824 - INFO: Amount boxes before in programm: 1
2022-04-21 04:10:36,824 - INFO: Added box(3) to right, spent 1 energy. Total spent energy: 4
2022-04-21 04:10:36,824 - INFO: Amount added boxes: 3
2022-04-21 04:10:36,824 - INFO: Updated store line: [2, 3]
2022-04-21 04:10:36,824 - INFO: Adding box(4)
2022-04-21 04:10:36,824 - INFO: Added box(4) to left, spent 1 energy. Total spent energy: 5
2022-04-21 04:10:36,824 - INFO: Amount added boxes: 4
2022-04-21 04:10:36,824 - INFO: Updated store line: [4, 2, 3]
2022-04-21 04:10:36,824 - INFO: Took out box(3), spent 1 energy. Total spent energy: 6
2022-04-21 04:10:36,824 - INFO: Boxes which will be taken out: []
2022-04-21 04:10:36,824 - INFO: Updated store line: [4, 2]
2022-04-21 04:10:36,824 - INFO: 游뚝游뚞游뚞游뚞游뚞游뚞游뚞游뚞游뚞游뚞

[('햦햫혪혝혧', 1), ('햦햫혪혝혧', 2), ('햦햫혪혝혧', 3), ('쒬햡혞향햦혝혧', 1), ('햦햫혪혝혧', 4), ('햦햫혪혝혧', 5), ('햦햫혪혝혧', 6), ('쒬햡혞향햦혝혧', 4), ('쒬햡혞향햦혝혧', 5), ('쒬햡혞향햦혝혧', 3), ('쒬햡혞향햦혝혧', 2), ('햦햫혪혝혧', 7), ('햦햫혪혝혧', 8), ('쒬햡혞향햦혝혧', 7)]

2022-04-21 04:10:36,824 - INFO: Boxes which will be taken out: [1, 4, 5, 3, 2, 7]
2022-04-21 04:10:36,824 - INFO: Adding box(1)
2022-04-21 04:10:36,824 - INFO: Amount boxes before in out_boxes: 0
2022-04-21 04:10:36,824 - INFO: Amount boxes before in programm: 0
2022-04-21 04:10:36,824 - INFO: Added box(1) to right, spent 1 energy. Total spent energy: 1
2022-04-21 04:10:36,824 - INFO: Amount added boxes: 1
2022-04-21 04:10:36,824 - INFO: Updated store line: [1]
2022-04-21 04:10:36,824 - INFO: Adding box(2)
2022-04-21 04:10:36,824 - INFO: Amount boxes before in out_boxes: 4
2022-04-21 04:10:36,824 - INFO: Amount boxes before in programm: 0
2022-04-21 04:10:36,824 - INFO: Added box(2) to left, spent 1 energy. Total spent energy: 2
2022-04-21 04:10:36,824 - INFO: Amount added boxes: 2
2022-04-21 04:10:36,824 - INFO: Updated store line: [2, 1]
2022-04-21 04:10:36,824 - INFO: Adding box(3)
2022-04-21 04:10:36,824 - INFO: Amount boxes before in out_boxes: 3
2022-04-21 04:10:36,824 - INFO: Amount boxes before in programm: 1
2022-04-21 04:10:36,824 - INFO: Added box(3) to left, spent 1 energy. Total spent energy: 3
2022-04-21 04:10:36,824 - INFO: Amount added boxes: 3
2022-04-21 04:10:36,824 - INFO: Updated store line: [3, 2, 1]
2022-04-21 04:10:36,824 - INFO: Took out box(1), spent 1 energy. Total spent energy: 4
2022-04-21 04:10:36,825 - INFO: Boxes which will be taken out: [4, 5, 3, 2, 7]
2022-04-21 04:10:36,825 - INFO: Updated store line: [3, 2]
2022-04-21 04:10:36,825 - INFO: Adding box(4)
2022-04-21 04:10:36,825 - INFO: Amount boxes before in out_boxes: 0
2022-04-21 04:10:36,825 - INFO: Amount boxes before in programm: 2
2022-04-21 04:10:36,825 - INFO: Added box(4) to right, spent 1 energy. Total spent energy: 5
2022-04-21 04:10:36,825 - INFO: Amount added boxes: 4
2022-04-21 04:10:36,825 - INFO: Updated store line: [3, 2, 4]
2022-04-21 04:10:36,825 - INFO: Adding box(5)
2022-04-21 04:10:36,825 - INFO: Amount boxes before in out_boxes: 1
2022-04-21 04:10:36,825 - INFO: Amount boxes before in programm: 2
2022-04-21 04:10:36,825 - INFO: Added box(5) to right, spent 1 energy. Total spent energy: 6
2022-04-21 04:10:36,825 - INFO: Amount added boxes: 5
2022-04-21 04:10:36,825 - INFO: Updated store line: [3, 2, 4, 5]
2022-04-21 04:10:36,825 - INFO: Adding box(6)
2022-04-21 04:10:36,825 - INFO: Added box(6) to left, spent 1 energy. Total spent energy: 7
2022-04-21 04:10:36,825 - INFO: Amount added boxes: 6
2022-04-21 04:10:36,825 - INFO: Updated store line: [6, 3, 2, 4, 5]
2022-04-21 04:10:36,825 - INFO: Took out box(4), spent 3 energy. Total spent energy: 10
2022-04-21 04:10:36,825 - INFO: Boxes which will be taken out: [5, 3, 2, 7]
2022-04-21 04:10:36,825 - INFO: Updated store line: [6, 3, 2, 5]
2022-04-21 04:10:36,825 - INFO: Took out box(5), spent 1 energy. Total spent energy: 11
2022-04-21 04:10:36,825 - INFO: Boxes which will be taken out: [3, 2, 7]
2022-04-21 04:10:36,825 - INFO: Updated store line: [6, 3, 2]
2022-04-21 04:10:36,825 - INFO: Took out box(3), spent 3 energy. Total spent energy: 14
2022-04-21 04:10:36,825 - INFO: Boxes which will be taken out: [2, 7]
2022-04-21 04:10:36,825 - INFO: Updated store line: [6, 2]
2022-04-21 04:10:36,825 - INFO: Took out box(2), spent 1 energy. Total spent energy: 15
2022-04-21 04:10:36,825 - INFO: Boxes which will be taken out: [7]
2022-04-21 04:10:36,825 - INFO: Updated store line: [6]
2022-04-21 04:10:36,825 - INFO: Adding box(7)
2022-04-21 04:10:36,825 - INFO: Amount boxes before in out_boxes: 0
2022-04-21 04:10:36,825 - INFO: Amount boxes before in programm: 1
2022-04-21 04:10:36,825 - INFO: Added box(7) to right, spent 1 energy. Total spent energy: 16
2022-04-21 04:10:36,825 - INFO: Amount added boxes: 7
2022-04-21 04:10:36,825 - INFO: Updated store line: [6, 7]
2022-04-21 04:10:36,826 - INFO: Adding box(8)
2022-04-21 04:10:36,826 - INFO: Added box(8) to left, spent 1 energy. Total spent energy: 17
2022-04-21 04:10:36,826 - INFO: Amount added boxes: 8
2022-04-21 04:10:36,826 - INFO: Updated store line: [8, 6, 7]
2022-04-21 04:10:36,826 - INFO: Took out box(7), spent 1 energy. Total spent energy: 18
2022-04-21 04:10:36,826 - INFO: Boxes which will be taken out: []
2022-04-21 04:10:36,826 - INFO: Updated store line: [8, 6]
2022-04-21 04:10:36,826 - INFO: 游뚝游뚞游뚞游뚞游뚞游뚞游뚞游뚞游뚞游뚞

[('햦햫혪혝혧', 1), ('햦햫혪혝혧', 2), ('햦햫혪혝혧', 3), ('햦햫혪혝혧', 4), ('햦햫혪혝혧', 5), ('햦햫혪혝혧', 6), ('햦햫혪혝혧', 7), ('햦햫혪혝혧', 8), ('햦햫혪혝혧', 9), ('쒬햡혞향햦혝혧', 6), ('쒬햡혞향햦혝혧', 3), ('쒬햡혞향햦혝혧', 1), ('쒬햡혞향햦혝혧', 2), ('쒬햡혞향햦혝혧', 7)]

2022-04-21 04:10:36,826 - INFO: Boxes which will be taken out: [6, 3, 1, 2, 7]
2022-04-21 04:10:36,826 - INFO: Adding box(1)
2022-04-21 04:10:36,826 - INFO: Amount boxes before in out_boxes: 2
2022-04-21 04:10:36,826 - INFO: Amount boxes before in programm: 0
2022-04-21 04:10:36,826 - INFO: Added box(1) to left, spent 1 energy. Total spent energy: 1
2022-04-21 04:10:36,826 - INFO: Amount added boxes: 1
2022-04-21 04:10:36,826 - INFO: Updated store line: [1]
2022-04-21 04:10:36,826 - INFO: Adding box(2)
2022-04-21 04:10:36,826 - INFO: Amount boxes before in out_boxes: 3
2022-04-21 04:10:36,826 - INFO: Amount boxes before in programm: 0
2022-04-21 04:10:36,826 - INFO: Added box(2) to left, spent 1 energy. Total spent energy: 2
2022-04-21 04:10:36,826 - INFO: Amount added boxes: 2
2022-04-21 04:10:36,826 - INFO: Updated store line: [2, 1]
2022-04-21 04:10:36,826 - INFO: Adding box(3)
2022-04-21 04:10:36,826 - INFO: Amount boxes before in out_boxes: 1
2022-04-21 04:10:36,826 - INFO: Amount boxes before in programm: 2
2022-04-21 04:10:36,826 - INFO: Added box(3) to right, spent 1 energy. Total spent energy: 3
2022-04-21 04:10:36,826 - INFO: Amount added boxes: 3
2022-04-21 04:10:36,826 - INFO: Updated store line: [2, 1, 3]
2022-04-21 04:10:36,826 - INFO: Adding box(4)
2022-04-21 04:10:36,826 - INFO: Added box(4) to left, spent 1 energy. Total spent energy: 4
2022-04-21 04:10:36,826 - INFO: Amount added boxes: 4
2022-04-21 04:10:36,826 - INFO: Updated store line: [4, 2, 1, 3]
2022-04-21 04:10:36,826 - INFO: Adding box(5)
2022-04-21 04:10:36,826 - INFO: Added box(5) to left, spent 1 energy. Total spent energy: 5
2022-04-21 04:10:36,826 - INFO: Amount added boxes: 5
2022-04-21 04:10:36,826 - INFO: Updated store line: [5, 4, 2, 1, 3]
2022-04-21 04:10:36,826 - INFO: Adding box(6)
2022-04-21 04:10:36,826 - INFO: Amount boxes before in out_boxes: 0
2022-04-21 04:10:36,826 - INFO: Amount boxes before in programm: 5
2022-04-21 04:10:36,826 - INFO: Added box(6) to right, spent 1 energy. Total spent energy: 6
2022-04-21 04:10:36,827 - INFO: Amount added boxes: 6
2022-04-21 04:10:36,827 - INFO: Updated store line: [5, 4, 2, 1, 3, 6]
2022-04-21 04:10:36,827 - INFO: Adding box(7)
2022-04-21 04:10:36,827 - INFO: Amount boxes before in out_boxes: 4
2022-04-21 04:10:36,827 - INFO: Amount boxes before in programm: 2
2022-04-21 04:10:36,827 - INFO: Added box(7) to left, spent 1 energy. Total spent energy: 7
2022-04-21 04:10:36,827 - INFO: Amount added boxes: 7
2022-04-21 04:10:36,827 - INFO: Updated store line: [7, 5, 4, 2, 1, 3, 6]
2022-04-21 04:10:36,827 - INFO: Adding box(8)
2022-04-21 04:10:36,827 - INFO: Added box(8) to left, spent 1 energy. Total spent energy: 8
2022-04-21 04:10:36,827 - INFO: Amount added boxes: 8
2022-04-21 04:10:36,827 - INFO: Updated store line: [8, 7, 5, 4, 2, 1, 3, 6]
2022-04-21 04:10:36,827 - INFO: Adding box(9)
2022-04-21 04:10:36,827 - INFO: Added box(9) to left, spent 1 energy. Total spent energy: 9
2022-04-21 04:10:36,827 - INFO: Amount added boxes: 9
2022-04-21 04:10:36,827 - INFO: Updated store line: [9, 8, 7, 5, 4, 2, 1, 3, 6]
2022-04-21 04:10:36,827 - INFO: Took out box(6), spent 1 energy. Total spent energy: 10
2022-04-21 04:10:36,827 - INFO: Boxes which will be taken out: [3, 1, 2, 7]
2022-04-21 04:10:36,827 - INFO: Updated store line: [9, 8, 7, 5, 4, 2, 1, 3]
2022-04-21 04:10:36,827 - INFO: Took out box(3), spent 1 energy. Total spent energy: 11
2022-04-21 04:10:36,827 - INFO: Boxes which will be taken out: [1, 2, 7]
2022-04-21 04:10:36,827 - INFO: Updated store line: [9, 8, 7, 5, 4, 2, 1]
2022-04-21 04:10:36,827 - INFO: Took out box(1), spent 1 energy. Total spent energy: 12
2022-04-21 04:10:36,827 - INFO: Boxes which will be taken out: [2, 7]
2022-04-21 04:10:36,827 - INFO: Updated store line: [9, 8, 7, 5, 4, 2]
2022-04-21 04:10:36,827 - INFO: Took out box(2), spent 1 energy. Total spent energy: 13
2022-04-21 04:10:36,827 - INFO: Boxes which will be taken out: [7]
2022-04-21 04:10:36,827 - INFO: Updated store line: [9, 8, 7, 5, 4]
2022-04-21 04:10:36,827 - INFO: Took out box(7), spent 5 energy. Total spent energy: 18
2022-04-21 04:10:36,827 - INFO: Boxes which will be taken out: []
2022-04-21 04:10:36,827 - INFO: Updated store line: [9, 8, 5, 4]
2022-04-21 04:10:36,827 - INFO: 游뚝游뚞游뚞游뚞游뚞游뚞游뚞游뚞游뚞游뚞

[('햦햫혪혝혧', 1), ('햦햫혪혝혧', 2), ('햦햫혪혝혧', 3), ('햦햫혪혝혧', 4), ('쒬햡혞향햦혝혧', 1), ('햦햫혪혝혧', 5), ('햦햫혪혝혧', 6), ('햦햫혪혝혧', 7), ('햦햫혪혝혧', 8), ('햦햫혪혝혧', 9), ('쒬햡혞향햦혝혧', 6), ('쒬햡혞향햦혝혧', 3), ('쒬햡혞향햦혝혧', 2), ('쒬햡혞향햦혝혧', 7)]

2022-04-21 04:10:36,827 - INFO: Boxes which will be taken out: [1, 6, 3, 2, 7]
2022-04-21 04:10:36,827 - INFO: Adding box(1)
2022-04-21 04:10:36,827 - INFO: Amount boxes before in out_boxes: 0
2022-04-21 04:10:36,827 - INFO: Amount boxes before in programm: 0
2022-04-21 04:10:36,827 - INFO: Added box(1) to right, spent 1 energy. Total spent energy: 1
2022-04-21 04:10:36,827 - INFO: Amount added boxes: 1
2022-04-21 04:10:36,828 - INFO: Updated store line: [1]
2022-04-21 04:10:36,828 - INFO: Adding box(2)
2022-04-21 04:10:36,828 - INFO: Amount boxes before in out_boxes: 3
2022-04-21 04:10:36,828 - INFO: Amount boxes before in programm: 0
2022-04-21 04:10:36,828 - INFO: Added box(2) to left, spent 1 energy. Total spent energy: 2
2022-04-21 04:10:36,828 - INFO: Amount added boxes: 2
2022-04-21 04:10:36,828 - INFO: Updated store line: [2, 1]
2022-04-21 04:10:36,828 - INFO: Adding box(3)
2022-04-21 04:10:36,828 - INFO: Amount boxes before in out_boxes: 2
2022-04-21 04:10:36,828 - INFO: Amount boxes before in programm: 1
2022-04-21 04:10:36,828 - INFO: Added box(3) to left, spent 1 energy. Total spent energy: 3
2022-04-21 04:10:36,828 - INFO: Amount added boxes: 3
2022-04-21 04:10:36,828 - INFO: Updated store line: [3, 2, 1]
2022-04-21 04:10:36,828 - INFO: Adding box(4)
2022-04-21 04:10:36,828 - INFO: Added box(4) to left, spent 1 energy. Total spent energy: 4
2022-04-21 04:10:36,828 - INFO: Amount added boxes: 4
2022-04-21 04:10:36,828 - INFO: Updated store line: [4, 3, 2, 1]
2022-04-21 04:10:36,828 - INFO: Took out box(1), spent 1 energy. Total spent energy: 5
2022-04-21 04:10:36,828 - INFO: Boxes which will be taken out: [6, 3, 2, 7]
2022-04-21 04:10:36,828 - INFO: Updated store line: [4, 3, 2]
2022-04-21 04:10:36,828 - INFO: Adding box(5)
2022-04-21 04:10:36,828 - INFO: Added box(5) to left, spent 1 energy. Total spent energy: 6
2022-04-21 04:10:36,828 - INFO: Amount added boxes: 5
2022-04-21 04:10:36,828 - INFO: Updated store line: [5, 4, 3, 2]
2022-04-21 04:10:36,828 - INFO: Adding box(6)
2022-04-21 04:10:36,828 - INFO: Amount boxes before in out_boxes: 0
2022-04-21 04:10:36,828 - INFO: Amount boxes before in programm: 4
2022-04-21 04:10:36,828 - INFO: Added box(6) to right, spent 1 energy. Total spent energy: 7
2022-04-21 04:10:36,828 - INFO: Amount added boxes: 6
2022-04-21 04:10:36,828 - INFO: Updated store line: [5, 4, 3, 2, 6]
2022-04-21 04:10:36,828 - INFO: Adding box(7)
2022-04-21 04:10:36,828 - INFO: Amount boxes before in out_boxes: 3
2022-04-21 04:10:36,828 - INFO: Amount boxes before in programm: 2
2022-04-21 04:10:36,828 - INFO: Added box(7) to left, spent 1 energy. Total spent energy: 8
2022-04-21 04:10:36,828 - INFO: Amount added boxes: 7
2022-04-21 04:10:36,828 - INFO: Updated store line: [7, 5, 4, 3, 2, 6]
2022-04-21 04:10:36,828 - INFO: Adding box(8)
2022-04-21 04:10:36,828 - INFO: Added box(8) to left, spent 1 energy. Total spent energy: 9
2022-04-21 04:10:36,828 - INFO: Amount added boxes: 8
2022-04-21 04:10:36,828 - INFO: Updated store line: [8, 7, 5, 4, 3, 2, 6]
2022-04-21 04:10:36,829 - INFO: Adding box(9)
2022-04-21 04:10:36,829 - INFO: Added box(9) to left, spent 1 energy. Total spent energy: 10
2022-04-21 04:10:36,829 - INFO: Amount added boxes: 9
2022-04-21 04:10:36,829 - INFO: Updated store line: [9, 8, 7, 5, 4, 3, 2, 6]
2022-04-21 04:10:36,829 - INFO: Took out box(6), spent 1 energy. Total spent energy: 11
2022-04-21 04:10:36,829 - INFO: Boxes which will be taken out: [3, 2, 7]
2022-04-21 04:10:36,829 - INFO: Updated store line: [9, 8, 7, 5, 4, 3, 2]
2022-04-21 04:10:36,829 - INFO: Took out box(3), spent 3 energy. Total spent energy: 14
2022-04-21 04:10:36,829 - INFO: Boxes which will be taken out: [2, 7]
2022-04-21 04:10:36,829 - INFO: Updated store line: [9, 8, 7, 5, 4, 2]
2022-04-21 04:10:36,829 - INFO: Took out box(2), spent 1 energy. Total spent energy: 15
2022-04-21 04:10:36,829 - INFO: Boxes which will be taken out: [7]
2022-04-21 04:10:36,829 - INFO: Updated store line: [9, 8, 7, 5, 4]
2022-04-21 04:10:36,829 - INFO: Took out box(7), spent 5 energy. Total spent energy: 20
2022-04-21 04:10:36,829 - INFO: Boxes which will be taken out: []
2022-04-21 04:10:36,829 - INFO: Updated store line: [9, 8, 5, 4]
2022-04-21 04:10:36,829 - INFO: 游뚝游뚞游뚞游뚞游뚞游뚞游뚞游뚞游뚞游뚞

[('햦햫혪혝혧', 1), ('햦햫혪혝혧', 2), ('햦햫혪혝혧', 3), ('햦햫혪혝혧', 4), ('햦햫혪혝혧', 5), ('쒬햡혞향햦혝혧', 4), ('쒬햡혞향햦혝혧', 1), ('쒬햡혞향햦혝혧', 5), ('쒬햡혞향햦혝혧', 3), ('쒬햡혞향햦혝혧', 2)]

2022-04-21 04:10:36,829 - INFO: Boxes which will be taken out: [4, 1, 5, 3, 2]
2022-04-21 04:10:36,829 - INFO: Adding box(1)
2022-04-21 04:10:36,829 - INFO: Amount boxes before in out_boxes: 1
2022-04-21 04:10:36,829 - INFO: Amount boxes before in programm: 0
2022-04-21 04:10:36,829 - INFO: Added box(1) to left, spent 1 energy. Total spent energy: 1
2022-04-21 04:10:36,829 - INFO: Amount added boxes: 1
2022-04-21 04:10:36,829 - INFO: Updated store line: [1]
2022-04-21 04:10:36,829 - INFO: Adding box(2)
2022-04-21 04:10:36,829 - INFO: Amount boxes before in out_boxes: 4
2022-04-21 04:10:36,829 - INFO: Amount boxes before in programm: 0
2022-04-21 04:10:36,829 - INFO: Added box(2) to left, spent 1 energy. Total spent energy: 2
2022-04-21 04:10:36,829 - INFO: Amount added boxes: 2
2022-04-21 04:10:36,829 - INFO: Updated store line: [2, 1]
2022-04-21 04:10:36,829 - INFO: Adding box(3)
2022-04-21 04:10:36,829 - INFO: Amount boxes before in out_boxes: 3
2022-04-21 04:10:36,829 - INFO: Amount boxes before in programm: 1
2022-04-21 04:10:36,829 - INFO: Added box(3) to left, spent 1 energy. Total spent energy: 3
2022-04-21 04:10:36,829 - INFO: Amount added boxes: 3
2022-04-21 04:10:36,829 - INFO: Updated store line: [3, 2, 1]
2022-04-21 04:10:36,829 - INFO: Adding box(4)
2022-04-21 04:10:36,830 - INFO: Amount boxes before in out_boxes: 0
2022-04-21 04:10:36,830 - INFO: Amount boxes before in programm: 3
2022-04-21 04:10:36,830 - INFO: Added box(4) to right, spent 1 energy. Total spent energy: 4
2022-04-21 04:10:36,830 - INFO: Amount added boxes: 4
2022-04-21 04:10:36,830 - INFO: Updated store line: [3, 2, 1, 4]
2022-04-21 04:10:36,830 - INFO: Adding box(5)
2022-04-21 04:10:36,830 - INFO: Amount boxes before in out_boxes: 2
2022-04-21 04:10:36,830 - INFO: Amount boxes before in programm: 2
2022-04-21 04:10:36,830 - INFO: Added box(5) to right, spent 1 energy. Total spent energy: 5
2022-04-21 04:10:36,830 - INFO: Amount added boxes: 5
2022-04-21 04:10:36,830 - INFO: Updated store line: [3, 2, 1, 4, 5]
2022-04-21 04:10:36,830 - INFO: Took out box(4), spent 3 energy. Total spent energy: 8
2022-04-21 04:10:36,830 - INFO: Boxes which will be taken out: [1, 5, 3, 2]
2022-04-21 04:10:36,830 - INFO: Updated store line: [3, 2, 1, 5]
2022-04-21 04:10:36,830 - INFO: Took out box(1), spent 3 energy. Total spent energy: 11
2022-04-21 04:10:36,830 - INFO: Boxes which will be taken out: [5, 3, 2]
2022-04-21 04:10:36,830 - INFO: Updated store line: [3, 2, 5]
2022-04-21 04:10:36,830 - INFO: Took out box(5), spent 1 energy. Total spent energy: 12
2022-04-21 04:10:36,830 - INFO: Boxes which will be taken out: [3, 2]
2022-04-21 04:10:36,830 - INFO: Updated store line: [3, 2]
2022-04-21 04:10:36,830 - INFO: Took out box(3), spent 3 energy. Total spent energy: 15
2022-04-21 04:10:36,830 - INFO: Boxes which will be taken out: [2]
2022-04-21 04:10:36,830 - INFO: Updated store line: [2]
2022-04-21 04:10:36,830 - INFO: Took out box(2), spent 1 energy. Total spent energy: 16
2022-04-21 04:10:36,830 - INFO: Boxes which will be taken out: []
2022-04-21 04:10:36,830 - INFO: Updated store line: []
